============================================================
WhisperTray Build Log
Started: Wed Apr  8 23:21:23 +04 2026
============================================================

Python 3.12.3

Installing dependencies...
Requirement already satisfied: faster-whisper in /home/ilya/dev/ai/whisper-tray/venv/lib/python3.12/site-packages (1.2.1)
Requirement already satisfied: sounddevice in /home/ilya/dev/ai/whisper-tray/venv/lib/python3.12/site-packages (0.5.5)
Requirement already satisfied: pynput in /home/ilya/dev/ai/whisper-tray/venv/lib/python3.12/site-packages (1.8.1)
Requirement already satisfied: pystray in /home/ilya/dev/ai/whisper-tray/venv/lib/python3.12/site-packages (0.19.5)
Requirement already satisfied: Pillow in /home/ilya/dev/ai/whisper-tray/venv/lib/python3.12/site-packages (12.1.1)
Requirement already satisfied: pyperclip in /home/ilya/dev/ai/whisper-tray/venv/lib/python3.12/site-packages (1.11.0)
Requirement already satisfied: requests in /home/ilya/dev/ai/whisper-tray/venv/lib/python3.12/site-packages (2.33.0)
Collecting python-dotenv
  Using cached python_dotenv-1.2.2-py3-none-any.whl.metadata (27 kB)
Collecting pyinstaller
  Downloading pyinstaller-6.19.0-py3-none-manylinux2014_x86_64.whl.metadata (8.5 kB)
Requirement already satisfied: ctranslate2<5,>=4.0 in /home/ilya/dev/ai/whisper-tray/venv/lib/python3.12/site-packages (from faster-whisper) (4.7.1)
Requirement already satisfied: huggingface-hub>=0.21 in /home/ilya/dev/ai/whisper-tray/venv/lib/python3.12/site-packages (from faster-whisper) (1.8.0)
Requirement already satisfied: tokenizers<1,>=0.13 in /home/ilya/dev/ai/whisper-tray/venv/lib/python3.12/site-packages (from faster-whisper) (0.22.2)
Requirement already satisfied: onnxruntime<2,>=1.14 in /home/ilya/dev/ai/whisper-tray/venv/lib/python3.12/site-packages (from faster-whisper) (1.24.4)
Requirement already satisfied: av>=11 in /home/ilya/dev/ai/whisper-tray/venv/lib/python3.12/site-packages (from faster-whisper) (17.0.0)
Requirement already satisfied: tqdm in /home/ilya/dev/ai/whisper-tray/venv/lib/python3.12/site-packages (from faster-whisper) (4.67.3)
Requirement already satisfied: cffi in /home/ilya/dev/ai/whisper-tray/venv/lib/python3.12/site-packages (from sounddevice) (2.0.0)
Requirement already satisfied: six in /home/ilya/dev/ai/whisper-tray/venv/lib/python3.12/site-packages (from pynput) (1.17.0)
Requirement already satisfied: evdev>=1.3 in /home/ilya/dev/ai/whisper-tray/venv/lib/python3.12/site-packages (from pynput) (1.9.3)
Requirement already satisfied: python-xlib>=0.17 in /home/ilya/dev/ai/whisper-tray/venv/lib/python3.12/site-packages (from pynput) (0.33)
Requirement already satisfied: charset_normalizer<4,>=2 in /home/ilya/dev/ai/whisper-tray/venv/lib/python3.12/site-packages (from requests) (3.4.6)
Requirement already satisfied: idna<4,>=2.5 in /home/ilya/dev/ai/whisper-tray/venv/lib/python3.12/site-packages (from requests) (3.11)
Requirement already satisfied: urllib3<3,>=1.26 in /home/ilya/dev/ai/whisper-tray/venv/lib/python3.12/site-packages (from requests) (2.6.3)
Requirement already satisfied: certifi>=2023.5.7 in /home/ilya/dev/ai/whisper-tray/venv/lib/python3.12/site-packages (from requests) (2026.2.25)
Collecting altgraph (from pyinstaller)
  Downloading altgraph-0.17.5-py2.py3-none-any.whl.metadata (7.5 kB)
Requirement already satisfied: packaging>=22.0 in /home/ilya/dev/ai/whisper-tray/venv/lib/python3.12/site-packages (from pyinstaller) (26.0)
Collecting pyinstaller-hooks-contrib>=2026.0 (from pyinstaller)
  Downloading pyinstaller_hooks_contrib-2026.4-py3-none-any.whl.metadata (16 kB)
Requirement already satisfied: setuptools>=42.0.0 in /home/ilya/dev/ai/whisper-tray/venv/lib/python3.12/site-packages (from pyinstaller) (82.0.1)
Requirement already satisfied: numpy in /home/ilya/dev/ai/whisper-tray/venv/lib/python3.12/site-packages (from ctranslate2<5,>=4.0->faster-whisper) (2.4.4)
Requirement already satisfied: pyyaml<7,>=5.3 in /home/ilya/dev/ai/whisper-tray/venv/lib/python3.12/site-packages (from ctranslate2<5,>=4.0->faster-whisper) (6.0.3)
Requirement already satisfied: filelock>=3.10.0 in /home/ilya/dev/ai/whisper-tray/venv/lib/python3.12/site-packages (from huggingface-hub>=0.21->faster-whisper) (3.25.2)
Requirement already satisfied: fsspec>=2023.5.0 in /home/ilya/dev/ai/whisper-tray/venv/lib/python3.12/site-packages (from huggingface-hub>=0.21->faster-whisper) (2026.3.0)
Requirement already satisfied: hf-xet<2.0.0,>=1.4.2 in /home/ilya/dev/ai/whisper-tray/venv/lib/python3.12/site-packages (from huggingface-hub>=0.21->faster-whisper) (1.4.2)
Requirement already satisfied: httpx<1,>=0.23.0 in /home/ilya/dev/ai/whisper-tray/venv/lib/python3.12/site-packages (from huggingface-hub>=0.21->faster-whisper) (0.28.1)
Requirement already satisfied: typer in /home/ilya/dev/ai/whisper-tray/venv/lib/python3.12/site-packages (from huggingface-hub>=0.21->faster-whisper) (0.24.1)
Requirement already satisfied: typing-extensions>=4.1.0 in /home/ilya/dev/ai/whisper-tray/venv/lib/python3.12/site-packages (from huggingface-hub>=0.21->faster-whisper) (4.15.0)
Requirement already satisfied: flatbuffers in /home/ilya/dev/ai/whisper-tray/venv/lib/python3.12/site-packages (from onnxruntime<2,>=1.14->faster-whisper) (25.12.19)
Requirement already satisfied: protobuf in /home/ilya/dev/ai/whisper-tray/venv/lib/python3.12/site-packages (from onnxruntime<2,>=1.14->faster-whisper) (7.34.1)
Requirement already satisfied: sympy in /home/ilya/dev/ai/whisper-tray/venv/lib/python3.12/site-packages (from onnxruntime<2,>=1.14->faster-whisper) (1.14.0)
Requirement already satisfied: pycparser in /home/ilya/dev/ai/whisper-tray/venv/lib/python3.12/site-packages (from cffi->sounddevice) (3.0)
Requirement already satisfied: anyio in /home/ilya/dev/ai/whisper-tray/venv/lib/python3.12/site-packages (from httpx<1,>=0.23.0->huggingface-hub>=0.21->faster-whisper) (4.13.0)
Requirement already satisfied: httpcore==1.* in /home/ilya/dev/ai/whisper-tray/venv/lib/python3.12/site-packages (from httpx<1,>=0.23.0->huggingface-hub>=0.21->faster-whisper) (1.0.9)
Requirement already satisfied: h11>=0.16 in /home/ilya/dev/ai/whisper-tray/venv/lib/python3.12/site-packages (from httpcore==1.*->httpx<1,>=0.23.0->huggingface-hub>=0.21->faster-whisper) (0.16.0)
Requirement already satisfied: mpmath<1.4,>=1.1.0 in /home/ilya/dev/ai/whisper-tray/venv/lib/python3.12/site-packages (from sympy->onnxruntime<2,>=1.14->faster-whisper) (1.3.0)
Requirement already satisfied: click>=8.2.1 in /home/ilya/dev/ai/whisper-tray/venv/lib/python3.12/site-packages (from typer->huggingface-hub>=0.21->faster-whisper) (8.3.1)
Requirement already satisfied: shellingham>=1.3.0 in /home/ilya/dev/ai/whisper-tray/venv/lib/python3.12/site-packages (from typer->huggingface-hub>=0.21->faster-whisper) (1.5.4)
Requirement already satisfied: rich>=12.3.0 in /home/ilya/dev/ai/whisper-tray/venv/lib/python3.12/site-packages (from typer->huggingface-hub>=0.21->faster-whisper) (14.3.3)
Requirement already satisfied: annotated-doc>=0.0.2 in /home/ilya/dev/ai/whisper-tray/venv/lib/python3.12/site-packages (from typer->huggingface-hub>=0.21->faster-whisper) (0.0.4)
Requirement already satisfied: markdown-it-py>=2.2.0 in /home/ilya/dev/ai/whisper-tray/venv/lib/python3.12/site-packages (from rich>=12.3.0->typer->huggingface-hub>=0.21->faster-whisper) (4.0.0)
Requirement already satisfied: pygments<3.0.0,>=2.13.0 in /home/ilya/dev/ai/whisper-tray/venv/lib/python3.12/site-packages (from rich>=12.3.0->typer->huggingface-hub>=0.21->faster-whisper) (2.20.0)
Requirement already satisfied: mdurl~=0.1 in /home/ilya/dev/ai/whisper-tray/venv/lib/python3.12/site-packages (from markdown-it-py>=2.2.0->rich>=12.3.0->typer->huggingface-hub>=0.21->faster-whisper) (0.1.2)
Using cached python_dotenv-1.2.2-py3-none-any.whl (22 kB)
Downloading pyinstaller-6.19.0-py3-none-manylinux2014_x86_64.whl (741 kB)
   ━━━━━━━━━━━━━━━━━━━━━━━━━━━━━━━━━━━━━━━━ 741.4/741.4 kB 5.0 MB/s eta 0:00:00
Downloading pyinstaller_hooks_contrib-2026.4-py3-none-any.whl (455 kB)
   ━━━━━━━━━━━━━━━━━━━━━━━━━━━━━━━━━━━━━━━━ 455.5/455.5 kB 10.5 MB/s eta 0:00:00
Downloading altgraph-0.17.5-py2.py3-none-any.whl (21 kB)
Installing collected packages: altgraph, python-dotenv, pyinstaller-hooks-contrib, pyinstaller
Successfully installed altgraph-0.17.5 pyinstaller-6.19.0 pyinstaller-hooks-contrib-2026.4 python-dotenv-1.2.2
Dependencies installed successfully

Cleaning previous builds...

Building WhisperTray...

27 INFO: PyInstaller: 6.19.0, contrib hooks: 2026.4
27 INFO: Python: 3.12.3
28 INFO: Platform: Linux-6.6.87.2-microsoft-standard-WSL2-x86_64-with-glibc2.39
28 INFO: Python environment: /home/ilya/dev/ai/whisper-tray/venv
68 INFO: Removing temporary files and cleaning cache in /home/ilya/.cache/pyinstaller
136 WARNING: Failed to collect submodules for 'onnxruntime.quantization' because importing 'onnxruntime.quantization' raised: ModuleNotFoundError: No module named 'onnx'
1072 WARNING: collect_dynamic_libs - skipping library collection for module '_sounddevice_data' as it is not a package.
1072 WARNING: collect_data_files - skipping data collection for module 'sounddevice' as it is not a package.
1072 INFO: Module search paths (PYTHONPATH):
['/home/ilya/dev/ai/whisper-tray/whisper_tray',
 '/usr/lib/python312.zip',
 '/usr/lib/python3.12',
 '/usr/lib/python3.12/lib-dynload',
 '/home/ilya/dev/ai/whisper-tray/venv/lib/python3.12/site-packages',
 '/home/ilya/dev/ai/whisper-tray']
1226 INFO: Appending 'datas' from .spec
1227 INFO: checking Analysis
1227 INFO: Building Analysis because Analysis-00.toc is non existent
1227 INFO: Looking for Python shared library...
1235 INFO: Using Python shared library: /lib/x86_64-linux-gnu/libpython3.12.so.1.0
1235 INFO: Running Analysis Analysis-00.toc
1235 INFO: Target bytecode optimization level: 0
1235 INFO: Initializing module dependency graph...
1236 INFO: Initializing module graph hook caches...
1239 INFO: Analyzing modules for base_library.zip ...
1433 INFO: Processing standard module hook 'hook-encodings.py' from '/home/ilya/dev/ai/whisper-tray/venv/lib/python3.12/site-packages/PyInstaller/hooks'
2195 INFO: Processing standard module hook 'hook-pickle.py' from '/home/ilya/dev/ai/whisper-tray/venv/lib/python3.12/site-packages/PyInstaller/hooks'
2566 INFO: Processing standard module hook 'hook-heapq.py' from '/home/ilya/dev/ai/whisper-tray/venv/lib/python3.12/site-packages/PyInstaller/hooks'
2762 INFO: Caching module dependency graph...
2778 INFO: Analyzing /home/ilya/dev/ai/whisper-tray/whisper_tray/whisper_tray.py
2803 INFO: Processing standard module hook 'hook-numpy.py' from '/home/ilya/dev/ai/whisper-tray/venv/lib/python3.12/site-packages/PyInstaller/hooks'
2982 INFO: Processing standard module hook 'hook-difflib.py' from '/home/ilya/dev/ai/whisper-tray/venv/lib/python3.12/site-packages/PyInstaller/hooks'
3062 INFO: Processing standard module hook 'hook-multiprocessing.util.py' from '/home/ilya/dev/ai/whisper-tray/venv/lib/python3.12/site-packages/PyInstaller/hooks'
3136 INFO: Processing standard module hook 'hook-xml.py' from '/home/ilya/dev/ai/whisper-tray/venv/lib/python3.12/site-packages/PyInstaller/hooks'
3235 INFO: Processing standard module hook 'hook-_ctypes.py' from '/home/ilya/dev/ai/whisper-tray/venv/lib/python3.12/site-packages/PyInstaller/hooks'
3537 INFO: Processing standard module hook 'hook-sysconfig.py' from '/home/ilya/dev/ai/whisper-tray/venv/lib/python3.12/site-packages/PyInstaller/hooks'
3574 INFO: Processing standard module hook 'hook-platform.py' from '/home/ilya/dev/ai/whisper-tray/venv/lib/python3.12/site-packages/PyInstaller/hooks'
4118 INFO: Processing pre-safe-import-module hook 'hook-typing_extensions.py' from '/home/ilya/dev/ai/whisper-tray/venv/lib/python3.12/site-packages/PyInstaller/hooks/pre_safe_import_module'
4118 INFO: SetuptoolsInfo: initializing cached setuptools info...
4486 INFO: Processing standard module hook 'hook-charset_normalizer.py' from '/home/ilya/dev/ai/whisper-tray/venv/lib/python3.12/site-packages/_pyinstaller_hooks_contrib/stdhooks'
4610 INFO: Processing standard module hook 'hook-pystray.py' from '/home/ilya/dev/ai/whisper-tray/venv/lib/python3.12/site-packages/_pyinstaller_hooks_contrib/stdhooks'
4711 INFO: Processing pre-safe-import-module hook 'hook-six.moves.py' from '/home/ilya/dev/ai/whisper-tray/venv/lib/python3.12/site-packages/PyInstaller/hooks/pre_safe_import_module'
4729 INFO: Processing pre-safe-import-module hook 'hook-gi.py' from '/home/ilya/dev/ai/whisper-tray/venv/lib/python3.12/site-packages/PyInstaller/hooks/pre_safe_import_module'
4756 INFO: Processing standard module hook 'hook-PIL.py' from '/home/ilya/dev/ai/whisper-tray/venv/lib/python3.12/site-packages/PyInstaller/hooks'
4776 INFO: Processing standard module hook 'hook-Xlib.py' from '/home/ilya/dev/ai/whisper-tray/venv/lib/python3.12/site-packages/_pyinstaller_hooks_contrib/stdhooks'
4923 INFO: Processing standard module hook 'hook-urllib3.py' from '/home/ilya/dev/ai/whisper-tray/venv/lib/python3.12/site-packages/_pyinstaller_hooks_contrib/stdhooks'
4963 INFO: Processing pre-safe-import-module hook 'hook-backports.py' from '/home/ilya/dev/ai/whisper-tray/venv/lib/python3.12/site-packages/PyInstaller/hooks/pre_safe_import_module'
4963 INFO: Setuptools: 'backports' appears to be a full setuptools-vendored copy - creating alias to 'setuptools._vendor.backports'!
4965 INFO: Processing standard module hook 'hook-setuptools.py' from '/home/ilya/dev/ai/whisper-tray/venv/lib/python3.12/site-packages/PyInstaller/hooks'
4970 INFO: Processing pre-safe-import-module hook 'hook-distutils.py' from '/home/ilya/dev/ai/whisper-tray/venv/lib/python3.12/site-packages/PyInstaller/hooks/pre_safe_import_module'
4982 INFO: Processing pre-safe-import-module hook 'hook-jaraco.py' from '/home/ilya/dev/ai/whisper-tray/venv/lib/python3.12/site-packages/PyInstaller/hooks/pre_safe_import_module'
4982 INFO: Setuptools: 'jaraco' appears to be a full setuptools-vendored copy - creating alias to 'setuptools._vendor.jaraco'!
4986 INFO: Processing pre-safe-import-module hook 'hook-more_itertools.py' from '/home/ilya/dev/ai/whisper-tray/venv/lib/python3.12/site-packages/PyInstaller/hooks/pre_safe_import_module'
4986 INFO: Setuptools: 'more_itertools' appears to be a setuptools-vendored copy - creating alias to 'setuptools._vendor.more_itertools'!
5185 INFO: Processing pre-safe-import-module hook 'hook-packaging.py' from '/home/ilya/dev/ai/whisper-tray/venv/lib/python3.12/site-packages/PyInstaller/hooks/pre_safe_import_module'
5261 INFO: Processing standard module hook 'hook-setuptools._vendor.jaraco.text.py' from '/home/ilya/dev/ai/whisper-tray/venv/lib/python3.12/site-packages/PyInstaller/hooks'
5261 INFO: Processing pre-safe-import-module hook 'hook-importlib_resources.py' from '/home/ilya/dev/ai/whisper-tray/venv/lib/python3.12/site-packages/PyInstaller/hooks/pre_safe_import_module'
5343 INFO: Processing pre-safe-import-module hook 'hook-importlib_metadata.py' from '/home/ilya/dev/ai/whisper-tray/venv/lib/python3.12/site-packages/PyInstaller/hooks/pre_safe_import_module'
5343 INFO: Setuptools: 'importlib_metadata' appears to be a setuptools-vendored copy - creating alias to 'setuptools._vendor.importlib_metadata'!
5352 INFO: Processing standard module hook 'hook-setuptools._vendor.importlib_metadata.py' from '/home/ilya/dev/ai/whisper-tray/venv/lib/python3.12/site-packages/PyInstaller/hooks'
5364 INFO: Processing pre-safe-import-module hook 'hook-zipp.py' from '/home/ilya/dev/ai/whisper-tray/venv/lib/python3.12/site-packages/PyInstaller/hooks/pre_safe_import_module'
5365 INFO: Setuptools: 'zipp' appears to be a setuptools-vendored copy - creating alias to 'setuptools._vendor.zipp'!
5483 INFO: Processing pre-safe-import-module hook 'hook-tomli.py' from '/home/ilya/dev/ai/whisper-tray/venv/lib/python3.12/site-packages/PyInstaller/hooks/pre_safe_import_module'
5483 INFO: Setuptools: 'tomli' appears to be a setuptools-vendored copy - creating alias to 'setuptools._vendor.tomli'!
5736 INFO: Processing pre-safe-import-module hook 'hook-wheel.py' from '/home/ilya/dev/ai/whisper-tray/venv/lib/python3.12/site-packages/PyInstaller/hooks/pre_safe_import_module'
5736 INFO: Setuptools: 'wheel' appears to be a setuptools-vendored copy - creating alias to 'setuptools._vendor.wheel'!
5949 INFO: Processing standard module hook 'hook-certifi.py' from '/home/ilya/dev/ai/whisper-tray/venv/lib/python3.12/site-packages/_pyinstaller_hooks_contrib/stdhooks'
6005 INFO: Processing standard module hook 'hook-sounddevice.py' from '/home/ilya/dev/ai/whisper-tray/venv/lib/python3.12/site-packages/_pyinstaller_hooks_contrib/stdhooks'
6056 INFO: Processing standard module hook 'hook-faster_whisper.py' from '/home/ilya/dev/ai/whisper-tray/whisper_tray'
6267 INFO: Processing standard module hook 'hook-av.py' from '/home/ilya/dev/ai/whisper-tray/venv/lib/python3.12/site-packages/_pyinstaller_hooks_contrib/stdhooks'
6478 INFO: Processing pre-safe-import-module hook 'hook-tensorflow.py' from '/home/ilya/dev/ai/whisper-tray/venv/lib/python3.12/site-packages/_pyinstaller_hooks_contrib/pre_safe_import_module'
6675 INFO: Processing standard module hook 'hook-anyio.py' from '/home/ilya/dev/ai/whisper-tray/venv/lib/python3.12/site-packages/_pyinstaller_hooks_contrib/stdhooks'
7114 INFO: Processing standard module hook 'hook-pygments.py' from '/home/ilya/dev/ai/whisper-tray/venv/lib/python3.12/site-packages/PyInstaller/hooks'
7398 INFO: Processing standard module hook 'hook-rich.py' from '/home/ilya/dev/ai/whisper-tray/venv/lib/python3.12/site-packages/_pyinstaller_hooks_contrib/stdhooks'
8094 INFO: Processing standard module hook 'hook-sqlite3.py' from '/home/ilya/dev/ai/whisper-tray/venv/lib/python3.12/site-packages/PyInstaller/hooks'
8430 INFO: Processing standard module hook 'hook-PIL.Image.py' from '/home/ilya/dev/ai/whisper-tray/venv/lib/python3.12/site-packages/PyInstaller/hooks'
8580 INFO: Processing standard module hook 'hook-xml.etree.cElementTree.py' from '/home/ilya/dev/ai/whisper-tray/venv/lib/python3.12/site-packages/PyInstaller/hooks'
8649 INFO: Processing standard module hook 'hook-PIL.ImageFilter.py' from '/home/ilya/dev/ai/whisper-tray/venv/lib/python3.12/site-packages/PyInstaller/hooks'
8968 INFO: Processing standard module hook 'hook-fsspec.py' from '/home/ilya/dev/ai/whisper-tray/venv/lib/python3.12/site-packages/_pyinstaller_hooks_contrib/stdhooks'
9231 INFO: Processing standard module hook 'hook-onnxruntime.py' from '/home/ilya/dev/ai/whisper-tray/venv/lib/python3.12/site-packages/_pyinstaller_hooks_contrib/stdhooks'
9285 INFO: Processing standard module hook 'hook-pynput.py' from '/home/ilya/dev/ai/whisper-tray/venv/lib/python3.12/site-packages/_pyinstaller_hooks_contrib/stdhooks'
9406 INFO: Analyzing hidden import 'pynput.keyboard._win32'
9423 INFO: Analyzing hidden import 'pynput.mouse._win32'
9428 INFO: Analyzing hidden import 'pystray.platforms.windows'
9429 ERROR: Hidden import 'pystray.platforms.windows' not found
9429 INFO: Analyzing hidden import 'pystray.platforms.windows._icon'
9429 ERROR: Hidden import 'pystray.platforms.windows._icon' not found
9429 INFO: Analyzing hidden import 'pyautogui'
/home/ilya/dev/ai/whisper-tray/venv/lib/python3.12/site-packages/pyautogui/_pyautogui_x11.py:284: SyntaxWarning: invalid escape sequence '\e'
  '\e': _display.keysym_to_keycode(Xlib.XK.string_to_keysym('Escape')),
9540 INFO: Analyzing hidden import 'python_dotenv'
9540 ERROR: Hidden import 'python_dotenv' not found
9540 INFO: Analyzing hidden import 'onnxruntime.capi.onnxruntime_providers_shared'
9540 ERROR: Hidden import 'onnxruntime.capi.onnxruntime_providers_shared' not found
9540 INFO: Analyzing hidden import 'onnxruntime.capi.onnxruntime_providers_cuda'
9540 ERROR: Hidden import 'onnxruntime.capi.onnxruntime_providers_cuda' not found
9540 INFO: Analyzing hidden import 'ctypes.macholib'
9540 ERROR: Hidden import 'ctypes.macholib' not found
9540 INFO: Analyzing hidden import 'comtypes'
9540 ERROR: Hidden import 'comtypes' not found
9540 INFO: Analyzing hidden import 'av.dataset'
9540 ERROR: Hidden import 'av.dataset' not found
9541 INFO: Analyzing hidden import 'faster_whisper.assets'
9541 INFO: Analyzing hidden import 'onnxruntime.capi.convert_npz_to_onnx_adapter'
9542 INFO: Analyzing hidden import 'onnxruntime.capi.libonnxruntime_providers_shared'
9542 INFO: Analyzing hidden import 'onnxruntime.datasets'
9542 INFO: Analyzing hidden import 'onnxruntime.tools'
9544 INFO: Analyzing hidden import 'onnxruntime.tools.check_onnx_model_mobile_usability'
9558 INFO: Analyzing hidden import 'onnxruntime.tools.convert_onnx_models_to_ort'
9574 INFO: Analyzing hidden import 'onnxruntime.tools.make_dynamic_shape_fixed'
9576 INFO: Analyzing hidden import 'onnxruntime.tools.offline_tuning'
9579 INFO: Analyzing hidden import 'onnxruntime.tools.onnx_randomizer'
9580 INFO: Analyzing hidden import 'onnxruntime.tools.onnxruntime_test'
9586 INFO: Analyzing hidden import 'onnxruntime.tools.optimize_onnx_model'
9587 INFO: Analyzing hidden import 'onnxruntime.tools.ort_format_model.ort_flatbuffers_py'
9587 INFO: Analyzing hidden import 'onnxruntime.tools.ort_format_model.ort_flatbuffers_py.fbs'
9588 INFO: Analyzing hidden import 'onnxruntime.tools.ort_format_model.ort_flatbuffers_py.fbs.ArgType'
9589 INFO: Analyzing hidden import 'onnxruntime.tools.ort_format_model.ort_flatbuffers_py.fbs.ArgTypeAndIndex'
9604 INFO: Analyzing hidden import 'onnxruntime.tools.ort_format_model.ort_flatbuffers_py.fbs.Attribute'
9609 INFO: Analyzing hidden import 'onnxruntime.tools.ort_format_model.ort_flatbuffers_py.fbs.AttributeType'
9610 INFO: Analyzing hidden import 'onnxruntime.tools.ort_format_model.ort_flatbuffers_py.fbs.Checkpoint'
9612 INFO: Analyzing hidden import 'onnxruntime.tools.ort_format_model.ort_flatbuffers_py.fbs.DeprecatedKernelCreateInfos'
9614 INFO: Analyzing hidden import 'onnxruntime.tools.ort_format_model.ort_flatbuffers_py.fbs.DeprecatedNodeIndexAndKernelDefHash'
9615 INFO: Analyzing hidden import 'onnxruntime.tools.ort_format_model.ort_flatbuffers_py.fbs.DeprecatedSessionState'
9616 INFO: Analyzing hidden import 'onnxruntime.tools.ort_format_model.ort_flatbuffers_py.fbs.DeprecatedSubGraphSessionState'
9618 INFO: Analyzing hidden import 'onnxruntime.tools.ort_format_model.ort_flatbuffers_py.fbs.Dimension'
9619 INFO: Analyzing hidden import 'onnxruntime.tools.ort_format_model.ort_flatbuffers_py.fbs.DimensionValue'
9620 INFO: Analyzing hidden import 'onnxruntime.tools.ort_format_model.ort_flatbuffers_py.fbs.DimensionValueType'
9621 INFO: Analyzing hidden import 'onnxruntime.tools.ort_format_model.ort_flatbuffers_py.fbs.EdgeEnd'
9622 INFO: Analyzing hidden import 'onnxruntime.tools.ort_format_model.ort_flatbuffers_py.fbs.FloatProperty'
9623 INFO: Analyzing hidden import 'onnxruntime.tools.ort_format_model.ort_flatbuffers_py.fbs.Graph'
9628 INFO: Analyzing hidden import 'onnxruntime.tools.ort_format_model.ort_flatbuffers_py.fbs.InferenceSession'
9629 INFO: Analyzing hidden import 'onnxruntime.tools.ort_format_model.ort_flatbuffers_py.fbs.IntProperty'
9631 INFO: Analyzing hidden import 'onnxruntime.tools.ort_format_model.ort_flatbuffers_py.fbs.KernelTypeStrArgsEntry'
9633 INFO: Analyzing hidden import 'onnxruntime.tools.ort_format_model.ort_flatbuffers_py.fbs.KernelTypeStrResolver'
9634 INFO: Analyzing hidden import 'onnxruntime.tools.ort_format_model.ort_flatbuffers_py.fbs.MapType'
9635 INFO: Analyzing hidden import 'onnxruntime.tools.ort_format_model.ort_flatbuffers_py.fbs.Model'
9638 INFO: Analyzing hidden import 'onnxruntime.tools.ort_format_model.ort_flatbuffers_py.fbs.ModuleState'
9640 INFO: Analyzing hidden import 'onnxruntime.tools.ort_format_model.ort_flatbuffers_py.fbs.Node'
9645 INFO: Analyzing hidden import 'onnxruntime.tools.ort_format_model.ort_flatbuffers_py.fbs.NodeEdge'
9647 INFO: Analyzing hidden import 'onnxruntime.tools.ort_format_model.ort_flatbuffers_py.fbs.NodeType'
9647 INFO: Analyzing hidden import 'onnxruntime.tools.ort_format_model.ort_flatbuffers_py.fbs.NodesToOptimizeIndices'
9650 INFO: Analyzing hidden import 'onnxruntime.tools.ort_format_model.ort_flatbuffers_py.fbs.OpIdKernelTypeStrArgsEntry'
9651 INFO: Analyzing hidden import 'onnxruntime.tools.ort_format_model.ort_flatbuffers_py.fbs.OperatorSetId'
9652 INFO: Analyzing hidden import 'onnxruntime.tools.ort_format_model.ort_flatbuffers_py.fbs.OptimizerGroup'
9654 INFO: Analyzing hidden import 'onnxruntime.tools.ort_format_model.ort_flatbuffers_py.fbs.ParameterOptimizerState'
9656 INFO: Analyzing hidden import 'onnxruntime.tools.ort_format_model.ort_flatbuffers_py.fbs.PropertyBag'
9658 INFO: Analyzing hidden import 'onnxruntime.tools.ort_format_model.ort_flatbuffers_py.fbs.RuntimeOptimizationRecord'
9660 INFO: Analyzing hidden import 'onnxruntime.tools.ort_format_model.ort_flatbuffers_py.fbs.RuntimeOptimizationRecordContainerEntry'
9661 INFO: Analyzing hidden import 'onnxruntime.tools.ort_format_model.ort_flatbuffers_py.fbs.RuntimeOptimizations'
9663 INFO: Analyzing hidden import 'onnxruntime.tools.ort_format_model.ort_flatbuffers_py.fbs.SequenceType'
9664 INFO: Analyzing hidden import 'onnxruntime.tools.ort_format_model.ort_flatbuffers_py.fbs.Shape'
9665 INFO: Analyzing hidden import 'onnxruntime.tools.ort_format_model.ort_flatbuffers_py.fbs.SparseTensor'
9667 INFO: Analyzing hidden import 'onnxruntime.tools.ort_format_model.ort_flatbuffers_py.fbs.StringProperty'
9668 INFO: Analyzing hidden import 'onnxruntime.tools.ort_format_model.ort_flatbuffers_py.fbs.StringStringEntry'
9669 INFO: Analyzing hidden import 'onnxruntime.tools.ort_format_model.ort_flatbuffers_py.fbs.Tensor'
9672 INFO: Analyzing hidden import 'onnxruntime.tools.ort_format_model.ort_flatbuffers_py.fbs.TensorDataType'
9673 INFO: Analyzing hidden import 'onnxruntime.tools.ort_format_model.ort_flatbuffers_py.fbs.TensorTypeAndShape'
9674 INFO: Analyzing hidden import 'onnxruntime.tools.ort_format_model.ort_flatbuffers_py.fbs.TypeInfo'
9676 INFO: Analyzing hidden import 'onnxruntime.tools.ort_format_model.ort_flatbuffers_py.fbs.TypeInfoValue'
9676 INFO: Analyzing hidden import 'onnxruntime.tools.ort_format_model.ort_flatbuffers_py.fbs.ValueInfo'
9677 INFO: Analyzing hidden import 'onnxruntime.tools.pytorch_export_contrib_ops'
9679 INFO: Analyzing hidden import 'onnxruntime.tools.qdq_helpers'
9680 INFO: Analyzing hidden import 'onnxruntime.tools.qdq_helpers.optimize_qdq_model'
9680 INFO: Analyzing hidden import 'onnxruntime.tools.reduced_build_config_parser'
9683 INFO: Analyzing hidden import 'onnxruntime.tools.remove_initializer_from_input'
9683 INFO: Analyzing hidden import 'onnxruntime.tools.symbolic_shape_infer'
10261 INFO: Processing standard module hook 'hook-py.py' from '/home/ilya/dev/ai/whisper-tray/venv/lib/python3.12/site-packages/_pyinstaller_hooks_contrib/stdhooks'
15201 INFO: Processing standard module hook 'hook-xml.dom.domreg.py' from '/home/ilya/dev/ai/whisper-tray/venv/lib/python3.12/site-packages/PyInstaller/hooks'
15788 INFO: Analyzing hidden import 'onnxruntime.tools.update_onnx_opset'
15789 INFO: Analyzing hidden import 'onnxruntime.transformers.affinity_helper'
15790 INFO: Analyzing hidden import 'onnxruntime.transformers.benchmark'
15798 INFO: Analyzing hidden import 'onnxruntime.transformers.benchmark_helper'
15806 INFO: Analyzing hidden import 'onnxruntime.transformers.bert_perf_test'
15813 INFO: Analyzing hidden import 'onnxruntime.transformers.bert_test_data'
15818 INFO: Analyzing hidden import 'onnxruntime.transformers.compare_bert_results'
15821 INFO: Analyzing hidden import 'onnxruntime.transformers.constants'
15822 INFO: Analyzing hidden import 'onnxruntime.transformers.convert_generation'
15889 INFO: Analyzing hidden import 'onnxruntime.transformers.convert_tf_models_to_pytorch'
15892 INFO: Analyzing hidden import 'onnxruntime.transformers.convert_to_packing_mode'
15897 INFO: Analyzing hidden import 'onnxruntime.transformers.dynamo_onnx_helper'
15900 INFO: Analyzing hidden import 'onnxruntime.transformers.float16'
15907 INFO: Analyzing hidden import 'onnxruntime.transformers.fusion_attention'
15919 INFO: Analyzing hidden import 'onnxruntime.transformers.fusion_attention_clip'
15923 INFO: Analyzing hidden import 'onnxruntime.transformers.fusion_attention_sam2'
15928 INFO: Analyzing hidden import 'onnxruntime.transformers.fusion_attention_unet'
15942 INFO: Analyzing hidden import 'onnxruntime.transformers.fusion_attention_vae'
15946 INFO: Analyzing hidden import 'onnxruntime.transformers.fusion_bart_attention'
15951 INFO: Analyzing hidden import 'onnxruntime.transformers.fusion_base'
15953 INFO: Analyzing hidden import 'onnxruntime.transformers.fusion_bias_add'
15954 INFO: Analyzing hidden import 'onnxruntime.transformers.fusion_biasgelu'
15956 INFO: Analyzing hidden import 'onnxruntime.transformers.fusion_biassplitgelu'
15957 INFO: Analyzing hidden import 'onnxruntime.transformers.fusion_conformer_attention'
15959 INFO: Analyzing hidden import 'onnxruntime.transformers.fusion_constant_fold'
15961 INFO: Analyzing hidden import 'onnxruntime.transformers.fusion_embedlayer'
15969 INFO: Analyzing hidden import 'onnxruntime.transformers.fusion_fastgelu'
15974 INFO: Analyzing hidden import 'onnxruntime.transformers.fusion_gelu'
15977 INFO: Analyzing hidden import 'onnxruntime.transformers.fusion_gelu_approximation'
15978 INFO: Analyzing hidden import 'onnxruntime.transformers.fusion_gemmfastgelu'
15980 INFO: Analyzing hidden import 'onnxruntime.transformers.fusion_gpt_attention'
15985 INFO: Analyzing hidden import 'onnxruntime.transformers.fusion_gpt_attention_megatron'
15989 INFO: Analyzing hidden import 'onnxruntime.transformers.fusion_gpt_attention_no_past'
15992 INFO: Analyzing hidden import 'onnxruntime.transformers.fusion_group_norm'
15994 INFO: Analyzing hidden import 'onnxruntime.transformers.fusion_layernorm'
16000 INFO: Analyzing hidden import 'onnxruntime.transformers.fusion_mha_mmdit'
16005 INFO: Analyzing hidden import 'onnxruntime.transformers.fusion_nhwc_conv'
16007 INFO: Analyzing hidden import 'onnxruntime.transformers.fusion_options'
16010 INFO: Analyzing hidden import 'onnxruntime.transformers.fusion_qordered_attention'
16014 INFO: Analyzing hidden import 'onnxruntime.transformers.fusion_qordered_gelu'
16016 INFO: Analyzing hidden import 'onnxruntime.transformers.fusion_qordered_layernorm'
16017 INFO: Analyzing hidden import 'onnxruntime.transformers.fusion_qordered_matmul'
16020 INFO: Analyzing hidden import 'onnxruntime.transformers.fusion_quickgelu'
16021 INFO: Analyzing hidden import 'onnxruntime.transformers.fusion_reshape'
16023 INFO: Analyzing hidden import 'onnxruntime.transformers.fusion_rotary_attention'
16040 INFO: Analyzing hidden import 'onnxruntime.transformers.fusion_shape'
16042 INFO: Analyzing hidden import 'onnxruntime.transformers.fusion_simplified_layernorm'
16044 INFO: Analyzing hidden import 'onnxruntime.transformers.fusion_skip_group_norm'
16047 INFO: Analyzing hidden import 'onnxruntime.transformers.fusion_skiplayernorm'
16050 INFO: Analyzing hidden import 'onnxruntime.transformers.fusion_transpose'
16052 INFO: Analyzing hidden import 'onnxruntime.transformers.fusion_utils'
16056 INFO: Analyzing hidden import 'onnxruntime.transformers.huggingface_models'
16057 INFO: Analyzing hidden import 'onnxruntime.transformers.import_utils'
16058 INFO: Analyzing hidden import 'onnxruntime.transformers.io_binding_helper'
16064 INFO: Analyzing hidden import 'onnxruntime.transformers.large_model_exporter'
16070 INFO: Analyzing hidden import 'onnxruntime.transformers.metrics'
16072 INFO: Analyzing hidden import 'onnxruntime.transformers.onnx_exporter'
16080 INFO: Analyzing hidden import 'onnxruntime.transformers.onnx_model'
16100 INFO: Analyzing hidden import 'onnxruntime.transformers.onnx_model_bart'
16103 INFO: Analyzing hidden import 'onnxruntime.transformers.onnx_model_bert'
16110 INFO: Analyzing hidden import 'onnxruntime.transformers.onnx_model_bert_keras'
16116 INFO: Analyzing hidden import 'onnxruntime.transformers.onnx_model_bert_tf'
16122 INFO: Analyzing hidden import 'onnxruntime.transformers.onnx_model_clip'
16123 INFO: Analyzing hidden import 'onnxruntime.transformers.onnx_model_conformer'
16124 INFO: Analyzing hidden import 'onnxruntime.transformers.onnx_model_gpt2'
16126 INFO: Analyzing hidden import 'onnxruntime.transformers.onnx_model_mmdit'
16129 INFO: Analyzing hidden import 'onnxruntime.transformers.onnx_model_phi'
16141 INFO: Analyzing hidden import 'onnxruntime.transformers.onnx_model_sam2'
16143 INFO: Analyzing hidden import 'onnxruntime.transformers.onnx_model_t5'
16153 INFO: Analyzing hidden import 'onnxruntime.transformers.onnx_model_tnlr'
16156 INFO: Analyzing hidden import 'onnxruntime.transformers.onnx_model_unet'
16159 INFO: Analyzing hidden import 'onnxruntime.transformers.onnx_model_vae'
16160 INFO: Analyzing hidden import 'onnxruntime.transformers.onnx_utils'
16161 INFO: Analyzing hidden import 'onnxruntime.transformers.optimizer'
16167 INFO: Analyzing hidden import 'onnxruntime.transformers.past_helper'
16169 INFO: Analyzing hidden import 'onnxruntime.transformers.profile_result_processor'
16173 INFO: Analyzing hidden import 'onnxruntime.transformers.profiler'
16177 INFO: Analyzing hidden import 'onnxruntime.transformers.quantize_helper'
16368 INFO: Analyzing hidden import 'onnxruntime.transformers.shape_infer_helper'
16370 INFO: Analyzing hidden import 'onnxruntime.transformers.shape_optimizer'
16376 INFO: Analyzing hidden import 'onnxruntime.transformers.torch_onnx_export_helper'
16376 INFO: Analyzing hidden import 'ctranslate2.converters.eole_ct2'
16381 INFO: Analyzing hidden import 'tokenizers.tools'
16385 INFO: Analyzing hidden import 'av.__main__'
16386 INFO: Analyzing hidden import 'av.container.pyio'
16389 INFO: Analyzing hidden import 'av.datasets'
16391 INFO: Analyzing hidden import 'av.dictionary'
16392 INFO: Analyzing hidden import 'av.filter.link'
16392 INFO: Analyzing hidden import 'av.opaque'
16393 INFO: Analyzing hidden import 'av.sidedata.encparams'
16394 INFO: Analyzing hidden import 'av.utils'
16395 INFO: Processing module hooks (post-graph stage)...
16395 WARNING: Hidden import "onnxruntime.capi._pybind_state_gpu" not found!
16395 WARNING: Hidden import "onnxruntime.capi._pybind_state_directml" not found!
17917 INFO: Processing standard module hook 'hook-PIL.SpiderImagePlugin.py' from '/home/ilya/dev/ai/whisper-tray/venv/lib/python3.12/site-packages/PyInstaller/hooks'
17947 INFO: Performing binary vs. data reclassification (136 entries)
17963 INFO: Looking for ctypes DLLs
18027 WARNING: Library msvcrt required via ctypes not found
18609 INFO: Analyzing run-time hooks ...
18615 INFO: Including run-time hook 'pyi_rth_inspect.py' from '/home/ilya/dev/ai/whisper-tray/venv/lib/python3.12/site-packages/PyInstaller/hooks/rthooks'
18616 INFO: Including run-time hook 'pyi_rth_pkgutil.py' from '/home/ilya/dev/ai/whisper-tray/venv/lib/python3.12/site-packages/PyInstaller/hooks/rthooks'
18616 INFO: Including run-time hook 'pyi_rth_multiprocessing.py' from '/home/ilya/dev/ai/whisper-tray/venv/lib/python3.12/site-packages/PyInstaller/hooks/rthooks'
18617 INFO: Including run-time hook 'pyi_rth_setuptools.py' from '/home/ilya/dev/ai/whisper-tray/venv/lib/python3.12/site-packages/PyInstaller/hooks/rthooks'
18633 INFO: Creating base_library.zip...
18644 INFO: Looking for dynamic libraries
22392 INFO: Warnings written to /home/ilya/dev/ai/whisper-tray/whisper_tray/build/whisper_tray/warn-whisper_tray.txt
22464 INFO: Graph cross-reference written to /home/ilya/dev/ai/whisper-tray/whisper_tray/build/whisper_tray/xref-whisper_tray.html
22519 INFO: checking PYZ
22519 INFO: Building PYZ because PYZ-00.toc is non existent
22519 INFO: Building PYZ (ZlibArchive) /home/ilya/dev/ai/whisper-tray/whisper_tray/build/whisper_tray/PYZ-00.pyz
23587 INFO: Building PYZ (ZlibArchive) /home/ilya/dev/ai/whisper-tray/whisper_tray/build/whisper_tray/PYZ-00.pyz completed successfully.
23613 INFO: checking PKG
23613 INFO: Building PKG because PKG-00.toc is non existent
23613 INFO: Building PKG (CArchive) WhisperTray.pkg
49688 INFO: Building PKG (CArchive) WhisperTray.pkg completed successfully.
49690 INFO: Bootloader /home/ilya/dev/ai/whisper-tray/venv/lib/python3.12/site-packages/PyInstaller/bootloader/Linux-64bit-intel/run
49690 INFO: checking EXE
49691 INFO: Building EXE because EXE-00.toc is non existent
49691 INFO: Building EXE from EXE-00.toc
49691 INFO: Copying bootloader EXE to /home/ilya/dev/ai/whisper-tray/whisper_tray/dist/WhisperTray
49691 INFO: Appending PKG archive to custom ELF section in EXE
49896 INFO: Building EXE from EXE-00.toc completed successfully.
49899 INFO: Build complete! The results are available in: /home/ilya/dev/ai/whisper-tray/whisper_tray/dist
[WARN] No CUDA DLLs found - executable will only work in CPU mode
       Install CUDA Toolkit if GPU acceleration is needed
[OK] Explicitly adding /home/ilya/dev/ai/whisper-tray/venv/lib/python3.12/site-packages/faster_whisper/assets/silero_vad_v6.onnx
[OK] Collected ctranslate2: 0 data files, 0 binaries
[OK] Collected tokenizers: 17 modules
[OK] Collected av (PyAV): 111 data files
[WARN] No PortAudio DLLs found in _sounddevice_data

============================================================
SUCCESS! Find WhisperTray in ../dist/ folder
Build COMPLETED: Wed Apr  8 23:22:15 +04 2026
============================================================
