2026-03-30 00:19:00,165 - INFO - Starting WhisperTray...
2026-03-30 00:19:00,165 - INFO - Transcription mode: local
2026-03-30 00:19:00,165 - INFO - Hotkey: ctrl+space
2026-03-30 00:19:00,165 - INFO - Auto-paste: True
2026-03-30 00:19:00,165 - INFO - Loading local Whisper model...
2026-03-30 00:19:00,165 - INFO - Loading Whisper model (large-v3)...
2026-03-30 00:19:00,165 - INFO - Loading model with CUDA (cuda, float16)...
2026-03-30 00:19:00,660 - INFO - HTTP Request: GET https://huggingface.co/api/models/Systran/faster-whisper-large-v3/revision/main "HTTP/1.1 200 OK"
2026-03-30 00:19:03,703 - INFO - Model loaded successfully with CUDA.
2026-03-30 00:19:03,704 - INFO - Model ready (device: cuda)
2026-03-30 00:19:03,707 - INFO - Keyboard listener started
2026-03-30 00:19:03,708 - ERROR - Failed to dock icon
Traceback (most recent call last):
  File "/home/ilya/dev/ai/whisper-tray/venv/lib/python3.12/site-packages/pystray/_xorg.py", line 162, in _update_icon
    self._assert_docked()
  File "/home/ilya/dev/ai/whisper-tray/venv/lib/python3.12/site-packages/pystray/_xorg.py", line 395, in _assert_docked
    assert self._systray_manager
           ^^^^^^^^^^^^^^^^^^^^^
AssertionError
2026-03-30 00:19:03,710 - ERROR - Failed to dock icon
Traceback (most recent call last):
  File "/home/ilya/dev/ai/whisper-tray/venv/lib/python3.12/site-packages/pystray/_xorg.py", line 143, in _show
    self._assert_docked()
  File "/home/ilya/dev/ai/whisper-tray/venv/lib/python3.12/site-packages/pystray/_xorg.py", line 395, in _assert_docked
    assert self._systray_manager
           ^^^^^^^^^^^^^^^^^^^^^
AssertionError
2026-03-30 00:20:36,276 - INFO - Starting WhisperTray...
2026-03-30 00:20:36,276 - INFO - Transcription mode: local
2026-03-30 00:20:36,276 - INFO - Hotkey: ctrl+space
2026-03-30 00:20:36,276 - INFO - Auto-paste: True
2026-03-30 00:20:36,276 - INFO - Loading local Whisper model...
2026-03-30 00:20:36,276 - INFO - Loading Whisper model (large-v3)...
2026-03-30 00:20:36,276 - INFO - Loading model with CUDA (cuda, float16)...
2026-03-30 00:20:36,715 - INFO - HTTP Request: GET https://huggingface.co/api/models/Systran/faster-whisper-large-v3/revision/main "HTTP/1.1 200 OK"
2026-03-30 00:20:39,073 - INFO - Model loaded successfully with CUDA.
2026-03-30 00:20:39,073 - INFO - Model ready (device: cuda)
2026-03-30 00:20:39,077 - INFO - Keyboard listener started
2026-03-30 00:20:39,078 - ERROR - Failed to dock icon
Traceback (most recent call last):
  File "/home/ilya/dev/ai/whisper-tray/venv/lib/python3.12/site-packages/pystray/_xorg.py", line 162, in _update_icon
    self._assert_docked()
  File "/home/ilya/dev/ai/whisper-tray/venv/lib/python3.12/site-packages/pystray/_xorg.py", line 395, in _assert_docked
    assert self._systray_manager
           ^^^^^^^^^^^^^^^^^^^^^
AssertionError
2026-03-30 00:20:39,079 - ERROR - Failed to dock icon
Traceback (most recent call last):
  File "/home/ilya/dev/ai/whisper-tray/venv/lib/python3.12/site-packages/pystray/_xorg.py", line 143, in _show
    self._assert_docked()
  File "/home/ilya/dev/ai/whisper-tray/venv/lib/python3.12/site-packages/pystray/_xorg.py", line 395, in _assert_docked
    assert self._systray_manager
           ^^^^^^^^^^^^^^^^^^^^^
AssertionError
2026-03-30 00:22:33,606 - ERROR - An error occurred in the main loop
Traceback (most recent call last):
  File "/home/ilya/dev/ai/whisper-tray/venv/lib/python3.12/site-packages/pystray/_xorg.py", line 209, in _mainloop
    for event in self._events():
  File "/home/ilya/dev/ai/whisper-tray/venv/lib/python3.12/site-packages/pystray/_xorg.py", line 486, in _events
    event = self._display.next_event()
            ^^^^^^^^^^^^^^^^^^^^^^^^^^
  File "/home/ilya/dev/ai/whisper-tray/venv/lib/python3.12/site-packages/Xlib/display.py", line 187, in next_event
    return self.display.next_event()
           ^^^^^^^^^^^^^^^^^^^^^^^^^
  File "/home/ilya/dev/ai/whisper-tray/venv/lib/python3.12/site-packages/Xlib/protocol/display.py", line 217, in next_event
    self.send_and_recv(event = True)
  File "/home/ilya/dev/ai/whisper-tray/venv/lib/python3.12/site-packages/Xlib/protocol/display.py", line 561, in send_and_recv
    rs, ws, es = select.select([self.socket], writeset, [], timeout)
                 ^^^^^^^^^^^^^^^^^^^^^^^^^^^^^^^^^^^^^^^^^^^^^^^^^^^
KeyboardInterrupt
2026-03-30 00:22:33,607 - INFO - WhisperTray exited.
2026-04-08 21:15:43,830 - INFO - ONNX file found at: /home/ilya/dev/ai/whisper-tray/venv/lib/python3.12/site-packages/faster_whisper/assets/silero_vad_v6.onnx
2026-04-08 21:15:43,832 - INFO - ONNX file found at: /home/ilya/dev/ai/whisper-tray/venv/lib/python3.12/site-packages/faster_whisper/assets/silero_vad_v6.onnx
2026-04-08 21:18:28,768 - INFO - ONNX file found at: /home/ilya/dev/ai/whisper-tray/venv/lib/python3.12/site-packages/faster_whisper/assets/silero_vad_v6.onnx
2026-04-08 21:22:20,746 - INFO - ONNX file found at: /home/ilya/dev/ai/whisper-tray/venv/lib/python3.12/site-packages/faster_whisper/assets/silero_vad_v6.onnx
